/usr/lib64/python2.7/site-packages/psycopg2/__init__.py:144: UserWarning: The psycopg2 wheel package will be renamed from release 2.8; in order to keep installing from binary please use "pip install psycopg2-binary" instead. For details see: <http://initd.org/psycopg/docs/install.html#binary-install-from-pypi>.
  """)
****** Scrapper process started on '2018-03-02T10:17:01.966385' 

Processing observations for datetime: '2018-03-02T10:00:00'
Observations for grad '1' and time '2018-03-02T10:00:00' are already stored in the database
Observations for grad '2' and time '2018-03-02T10:00:00' are already stored in the database
Observations for grad '3' and time '2018-03-02T10:00:00' are already stored in the database
Observations for grad '4' and time '2018-03-02T10:00:00' are already stored in the database
Observations for grad '44' and time '2018-03-02T10:00:00' are already stored in the database
Observations for grad '5' and time '2018-03-02T10:00:00' are already stored in the database
Inserting Observations for grad '6' and time '2018-03-02T10:00:00'
Observations '{"VrijemeZnak": "6", "Temp": " -5.2", "VjetarSmjer": "SW", "Vlaga": "93", "VjetarBrzina": " 1.8", "TlakTend": "-1.1", "Tlak": "1002.6", "Vrijeme": "potpuno oblačno"}' succesfully inserted for time '2018-03-02T10:00:00' and FOI '6'
Inserting Observations for grad '7' and time '2018-03-02T10:00:00'
Observations '{"VrijemeZnak": "6", "Temp": " -2.3", "VjetarSmjer": "NW", "Vlaga": "88", "VjetarBrzina": " 1.9", "TlakTend": "-1.1", "Tlak": "1002.5", "Vrijeme": "potpuno oblačno"}' succesfully inserted for time '2018-03-02T10:00:00' and FOI '7'
Inserting Observations for grad '8' and time '2018-03-02T10:00:00'
Observations '{"VrijemeZnak": "6", "Temp": " 12.3", "VjetarSmjer": "C", "Vlaga": "78", "VjetarBrzina": " 0.0", "TlakTend": "-1.1", "Tlak": " 998.6", "Vrijeme": "potpuno oblačno"}' succesfully inserted for time '2018-03-02T10:00:00' and FOI '8'
Inserting Observations for grad '9' and time '2018-03-02T10:00:00'
Observations '{"VrijemeZnak": "6", "Temp": " -5.4", "VjetarSmjer": "NE", "Vlaga": "89", "VjetarBrzina": " 0.3", "TlakTend": "-0.9", "Tlak": "1004.0", "Vrijeme": "potpuno oblačno"}' succesfully inserted for time '2018-03-02T10:00:00' and FOI '9'
Inserting Observations for grad '10' and time '2018-03-02T10:00:00'
Observations '{"VrijemeZnak": "10", "Temp": "  3.3", "VjetarSmjer": "NW", "Vlaga": "99", "VjetarBrzina": " 1.2", "TlakTend": "-0.7", "Tlak": " 999.5", "Vrijeme": "magla"}' succesfully inserted for time '2018-03-02T10:00:00' and FOI '10'
Inserting Observations for grad '11' and time '2018-03-02T10:00:00'
Observations '{"VrijemeZnak": "6", "Temp": " 10.6", "VjetarSmjer": "SW", "Vlaga": "90", "VjetarBrzina": " 1", "TlakTend": "-1.3", "Tlak": " 998.1", "Vrijeme": "potpuno oblačno"}' succesfully inserted for time '2018-03-02T10:00:00' and FOI '11'
Inserting Observations for grad '12' and time '2018-03-02T10:00:00'
Observations '{"VrijemeZnak": "36", "Temp": " -6.4", "VjetarSmjer": "N", "Vlaga": "94", "VjetarBrzina": " 0.1", "TlakTend": "-0.9", "Tlak": "1004.6", "Vrijeme": "slab snijeg"}' succesfully inserted for time '2018-03-02T10:00:00' and FOI '12'
Inserting Observations for grad '13' and time '2018-03-02T10:00:00'
Observations '{"VrijemeZnak": "26", "Temp": " -6.3", "VjetarSmjer": "NE", "Vlaga": "90", "VjetarBrzina": " 1.0", "TlakTend": "-1.2", "Tlak": "1004.7", "Vrijeme": "kiša, smrzava se"}' succesfully inserted for time '2018-03-02T10:00:00' and FOI '13'
Inserting Observations for grad '14' and time '2018-03-02T10:00:00'
Observations '{"VrijemeZnak": "-", "Temp": " -5.4", "VjetarSmjer": "W", "Vlaga": "93", "VjetarBrzina": " 1.3", "TlakTend": "-", "Tlak": "1004.8", "Vrijeme": "lahor"}' succesfully inserted for time '2018-03-02T10:00:00' and FOI '14'
Inserting Observations for grad '15' and time '2018-03-02T10:00:00'
Observations '{"VrijemeZnak": "6", "Temp": " 10.6", "VjetarSmjer": "N", "Vlaga": "94", "VjetarBrzina": " 1.0", "TlakTend": "-0.8", "Tlak": " 999.1", "Vrijeme": "potpuno oblačno"}' succesfully inserted for time '2018-03-02T10:00:00' and FOI '15'
Inserting Observations for grad '16' and time '2018-03-02T10:00:00'
Observations '{"VrijemeZnak": "-", "Temp": "  4.8", "VjetarSmjer": "E", "Vlaga": "92", "VjetarBrzina": " 0.5", "TlakTend": "-", "Tlak": " 998.5", "Vrijeme": "lahor"}' succesfully inserted for time '2018-03-02T10:00:00' and FOI '16'
Inserting Observations for grad '17' and time '2018-03-02T10:00:00'
Observations '{"VrijemeZnak": "6", "Temp": " 11.8", "VjetarSmjer": "SW", "Vlaga": "93", "VjetarBrzina": " 0.4", "TlakTend": "-1.1", "Tlak": " 998.4", "Vrijeme": "potpuno oblačno"}' succesfully inserted for time '2018-03-02T10:00:00' and FOI '17'
Inserting Observations for grad '18' and time '2018-03-02T10:00:00'
Observations '{"VrijemeZnak": "26", "Temp": "  6.2", "VjetarSmjer": "NW", "Vlaga": "96", "VjetarBrzina": " 1", "TlakTend": "-0.8", "Tlak": " 998.3", "Vrijeme": "slaba kiša"}' succesfully inserted for time '2018-03-02T10:00:00' and FOI '18'
Inserting Observations for grad '19' and time '2018-03-02T10:00:00'
Observations '{"VrijemeZnak": "-", "Temp": "  4.1", "VjetarSmjer": "NW", "Vlaga": "96", "VjetarBrzina": " 1.3", "TlakTend": "-", "Tlak": " 997.9", "Vrijeme": "lahor"}' succesfully inserted for time '2018-03-02T10:00:00' and FOI '19'
Inserting Observations for grad '20' and time '2018-03-02T10:00:00'
Observations '{"VrijemeZnak": "6", "Temp": " -6.6", "VjetarSmjer": "SE", "Vlaga": "89", "VjetarBrzina": " 0.4", "TlakTend": "-0.6", "Tlak": "1004.6", "Vrijeme": "potpuno oblačno"}' succesfully inserted for time '2018-03-02T10:00:00' and FOI '20'
Inserting Observations for grad '21' and time '2018-03-02T10:00:00'
Observations '{"VrijemeZnak": "-", "Temp": "  3.8", "VjetarSmjer": "NW", "Vlaga": "91", "VjetarBrzina": " 0.4", "TlakTend": "-", "Tlak": " 996.7", "Vrijeme": "lahor"}' succesfully inserted for time '2018-03-02T10:00:00' and FOI '21'
Inserting Observations for grad '22' and time '2018-03-02T10:00:00'
Observations '{"VrijemeZnak": "26", "Temp": " -2.5", "VjetarSmjer": "NW", "Vlaga": "91", "VjetarBrzina": " 1.7", "TlakTend": "-0.9", "Tlak": "1002.7", "Vrijeme": "kiša, smrzava se"}' succesfully inserted for time '2018-03-02T10:00:00' and FOI '22'
Inserting new FOI:'45'
Inserting Observations for grad '45' and time '2018-03-02T10:00:00'
Observations '{"VrijemeZnak": "6", "Temp": " -1.5", "VjetarSmjer": "C", "Vlaga": "89", "VjetarBrzina": " 0", "TlakTend": "-1.3", "Tlak": "1002.0", "Vrijeme": "potpuno oblačno"}' succesfully inserted for time '2018-03-02T10:00:00' and FOI '45'
Inserting new FOI:'46'
Inserting Observations for grad '46' and time '2018-03-02T10:00:00'
Observations '{"VrijemeZnak": "6", "Temp": " 10.2", "VjetarSmjer": "SW", "Vlaga": "86", "VjetarBrzina": " 1.0", "TlakTend": "-0.9", "Tlak": " 999.3", "Vrijeme": "potpuno oblačno"}' succesfully inserted for time '2018-03-02T10:00:00' and FOI '46'
Inserting Observations for grad '23' and time '2018-03-02T10:00:00'
Observations '{"VrijemeZnak": "11", "Temp": " -8.0", "VjetarSmjer": "N", "Vlaga": "90", "VjetarBrzina": " 0.3", "TlakTend": "-0.9", "Tlak": " 898.0*", "Vrijeme": "magla uz vidljivo nebo"}' succesfully inserted for time '2018-03-02T10:00:00' and FOI '23'
Inserting Observations for grad '24' and time '2018-03-02T10:00:00'
Observations '{"VrijemeZnak": "42", "Temp": "  1.6", "VjetarSmjer": "NE", "Vlaga": "99", "VjetarBrzina": " 0.4", "TlakTend": "-1.1", "Tlak": " 998.4", "Vrijeme": "slaba rosulja"}' succesfully inserted for time '2018-03-02T10:00:00' and FOI '24'
Inserting Observations for grad '25' and time '2018-03-02T10:00:00'
Observations '{"VrijemeZnak": "-", "Temp": " -6.9", "VjetarSmjer": "SW", "Vlaga": "82", "VjetarBrzina": " 0.7", "TlakTend": "-", "Tlak": "1003.2", "Vrijeme": "lahor"}' succesfully inserted for time '2018-03-02T10:00:00' and FOI '25'
Inserting Observations for grad '26' and time '2018-03-02T10:00:00'
Observations '{"VrijemeZnak": "6", "Temp": " 12.0", "VjetarSmjer": "E", "Vlaga": "93", "VjetarBrzina": " 1.2", "TlakTend": "-0.7", "Tlak": " 999.3", "Vrijeme": "potpuno oblačno"}' succesfully inserted for time '2018-03-02T10:00:00' and FOI '26'
Inserting Observations for grad '27' and time '2018-03-02T10:00:00'
Observations '{"VrijemeZnak": "-", "Temp": "  5.0", "VjetarSmjer": "NW", "Vlaga": "93", "VjetarBrzina": " 3.0", "TlakTend": "-", "Tlak": " 997.6", "Vrijeme": "povjetarac"}' succesfully inserted for time '2018-03-02T10:00:00' and FOI '27'
Inserting new FOI:'47'
Inserting Observations for grad '47' and time '2018-03-02T10:00:00'
Observations '{"VrijemeZnak": "26", "Temp": "  4.1", "VjetarSmjer": "SW", "Vlaga": "96", "VjetarBrzina": " 1", "TlakTend": "-1.0", "Tlak": " 998.2", "Vrijeme": "slaba rosulja"}' succesfully inserted for time '2018-03-02T10:00:00' and FOI '47'
Inserting Observations for grad '28' and time '2018-03-02T10:00:00'
Observations '{"VrijemeZnak": "10", "Temp": " -7.5", "VjetarSmjer": "S", "Vlaga": "93", "VjetarBrzina": " 3.8", "TlakTend": "-0.9", "Tlak": " 883.4*", "Vrijeme": "magla"}' succesfully inserted for time '2018-03-02T10:00:00' and FOI '28'
Inserting Observations for grad '29' and time '2018-03-02T10:00:00'
Observations '{"VrijemeZnak": "6", "Temp": "  7.7", "VjetarSmjer": "SE", "Vlaga": "88", "VjetarBrzina": " 2.3", "TlakTend": "-1.1", "Tlak": " 997.4", "Vrijeme": "potpuno oblačno"}' succesfully inserted for time '2018-03-02T10:00:00' and FOI '29'
Inserting Observations for grad '30' and time '2018-03-02T10:00:00'
Observations '{"VrijemeZnak": "26", "Temp": "  4.9", "VjetarSmjer": "NE", "Vlaga": "94", "VjetarBrzina": " 0.4", "TlakTend": "-1.0", "Tlak": " 998.4", "Vrijeme": "slaba rosulja"}' succesfully inserted for time '2018-03-02T10:00:00' and FOI '30'
Inserting Observations for grad '31' and time '2018-03-02T10:00:00'
Observations '{"VrijemeZnak": "-", "Temp": "  4.1", "VjetarSmjer": "NE", "Vlaga": "99", "VjetarBrzina": " 2.3", "TlakTend": "-", "Tlak": " 998.7", "Vrijeme": "povjetarac"}' succesfully inserted for time '2018-03-02T10:00:00' and FOI '31'
Inserting Observations for grad '32' and time '2018-03-02T10:00:00'
Observations '{"VrijemeZnak": "6", "Temp": "  3.6", "VjetarSmjer": "SE", "Vlaga": "93", "VjetarBrzina": " 1.4", "TlakTend": "-0.7", "Tlak": " 998.5", "Vrijeme": "potpuno oblačno"}' succesfully inserted for time '2018-03-02T10:00:00' and FOI '32'
Inserting Observations for grad '33' and time '2018-03-02T10:00:00'
Observations '{"VrijemeZnak": "36", "Temp": " -5.5", "VjetarSmjer": "W", "Vlaga": "91", "VjetarBrzina": " 0.9", "TlakTend": "-1.1", "Tlak": "1004.0", "Vrijeme": "zrnat snijeg"}' succesfully inserted for time '2018-03-02T10:00:00' and FOI '33'
Inserting Observations for grad '34' and time '2018-03-02T10:00:00'
Observations '{"VrijemeZnak": "6", "Temp": " -4.2", "VjetarSmjer": "W", "Vlaga": "88", "VjetarBrzina": " 2.2", "TlakTend": "-1.3", "Tlak": "1003.0", "Vrijeme": "potpuno oblačno"}' succesfully inserted for time '2018-03-02T10:00:00' and FOI '34'
Inserting Observations for grad '35' and time '2018-03-02T10:00:00'
Observations '{"VrijemeZnak": "6", "Temp": "  9.8", "VjetarSmjer": "E", "Vlaga": "94", "VjetarBrzina": " 1.0", "TlakTend": "-0.9", "Tlak": " 998.7", "Vrijeme": "potpuno oblačno"}' succesfully inserted for time '2018-03-02T10:00:00' and FOI '35'
Inserting new FOI:'48'
Inserting Observations for grad '48' and time '2018-03-02T10:00:00'
Observations '{"VrijemeZnak": "6", "Temp": " 10.3", "VjetarSmjer": "NE", "Vlaga": "96", "VjetarBrzina": " 2", "TlakTend": "-0.9", "Tlak": " 998.8", "Vrijeme": "potpuno oblačno"}' succesfully inserted for time '2018-03-02T10:00:00' and FOI '48'
Inserting Observations for grad '36' and time '2018-03-02T10:00:00'
Observations '{"VrijemeZnak": "-", "Temp": "  2.9", "VjetarSmjer": "-", "Vlaga": "99", "VjetarBrzina": "-", "TlakTend": "-", "Tlak": "-", "Vrijeme": "-"}' succesfully inserted for time '2018-03-02T10:00:00' and FOI '36'
Inserting Observations for grad '37' and time '2018-03-02T10:00:00'
Observations '{"VrijemeZnak": "6", "Temp": "  8.3", "VjetarSmjer": "SW", "Vlaga": "96", "VjetarBrzina": " 0.1", "TlakTend": "-1.7", "Tlak": " 999.3", "Vrijeme": "potpuno oblačno"}' succesfully inserted for time '2018-03-02T10:00:00' and FOI '37'
Inserting Observations for grad '38' and time '2018-03-02T10:00:00'
Observations '{"VrijemeZnak": "36", "Temp": " -6.8", "VjetarSmjer": "NE", "Vlaga": "91", "VjetarBrzina": " 1.0", "TlakTend": "-1.0", "Tlak": "1004.3", "Vrijeme": "slab snijeg"}' succesfully inserted for time '2018-03-02T10:00:00' and FOI '38'
Inserting Observations for grad '39' and time '2018-03-02T10:00:00'
Observations '{"VrijemeZnak": "-", "Temp": "  9.2", "VjetarSmjer": "SE", "Vlaga": "90", "VjetarBrzina": " 4.9", "TlakTend": "-", "Tlak": " 997.9", "Vrijeme": "slab vjetar"}' succesfully inserted for time '2018-03-02T10:00:00' and FOI '39'
Inserting Observations for grad '40' and time '2018-03-02T10:00:00'
Observations '{"VrijemeZnak": "26", "Temp": "  7.8", "VjetarSmjer": "E", "Vlaga": "95", "VjetarBrzina": " 1.9", "TlakTend": "-1.0", "Tlak": " 998.6", "Vrijeme": "slaba kiša"}' succesfully inserted for time '2018-03-02T10:00:00' and FOI '40'
Inserting new FOI:'49'
Inserting Observations for grad '49' and time '2018-03-02T10:00:00'
Observations '{"VrijemeZnak": "6", "Temp": "  7.8", "VjetarSmjer": "E", "Vlaga": "98", "VjetarBrzina": " 3", "TlakTend": "-1.1", "Tlak": " 998.5", "Vrijeme": "potpuno oblačno"}' succesfully inserted for time '2018-03-02T10:00:00' and FOI '49'
Inserting Observations for grad '41' and time '2018-03-02T10:00:00'
Observations '{"VrijemeZnak": "36", "Temp": " -5.4", "VjetarSmjer": "NE", "Vlaga": "86", "VjetarBrzina": " 0.6", "TlakTend": "-1.2", "Tlak": "1003.6", "Vrijeme": "zrnat snijeg"}' succesfully inserted for time '2018-03-02T10:00:00' and FOI '41'
Inserting Observations for grad '42' and time '2018-03-02T10:00:00'
Observations '{"VrijemeZnak": "36", "Temp": " -5.5", "VjetarSmjer": "NE", "Vlaga": "84", "VjetarBrzina": " 0.4", "TlakTend": "-1.0", "Tlak": "1003.9", "Vrijeme": "zrnat snijeg"}' succesfully inserted for time '2018-03-02T10:00:00' and FOI '42'
Inserting new FOI:'50'
Inserting Observations for grad '50' and time '2018-03-02T10:00:00'
Observations '{"VrijemeZnak": "36", "Temp": " -5.6", "VjetarSmjer": "N", "Vlaga": "86", "VjetarBrzina": " 1", "TlakTend": "-1.1", "Tlak": "1003.9", "Vrijeme": "zrnat snijeg"}' succesfully inserted for time '2018-03-02T10:00:00' and FOI '50'
Inserting Observations for grad '43' and time '2018-03-02T10:00:00'
Observations '{"VrijemeZnak": "10", "Temp": "  1.7", "VjetarSmjer": "W", "Vlaga": "100", "VjetarBrzina": " 5.6", "TlakTend": "-0.4", "Tlak": " 820.3*", "Vrijeme": "magla"}' succesfully inserted for time '2018-03-02T10:00:00' and FOI '43'

****** Scrapper process finished on '2018-03-02T10:17:05.238194' 

